xrun: 23.03-s005: (c) Copyright 1995-2023 Cadence Design Systems, Inc.
TOOL:	xrun	23.03-s005: Started on Sep 23, 2024 at 21:15:18 -03
xrun
	register.sv
	register_test.sv
Recompiling... reason: file './register.sv' is newer than expected.
	expected: Mon Sep 23 21:13:17 2024
	actual:   Mon Sep 23 21:15:17 2024
file: register.sv
	module worklib.register:sv
		errors: 0, warnings: 0
		Caching library 'worklib' ....... Done
	Elaborating the design hierarchy:
	Top level design units:
		register_test
	Building instance overlay tables: .................... Done
	Generating native compiled code:
		worklib.register:sv <0x7ba76449>
			streams:   2, words:   404
	Building instance specific data structures.
	Loading native compiled code:     .................... Done
	Design hierarchy summary:
		                   Instances  Unique
		Modules:                   2       2
		Registers:                 7       7
		Scalar wires:              3       -
		Vectored wires:            3       -
		Always blocks:             2       2
		Initial blocks:            4       4
		Pseudo assignments:        5       -
		Simulation timescale:  100ps
	Writing initial simulation snapshot: worklib.register_test:sv
Loading snapshot worklib.register_test:sv .................... Done
xcelium> source /opt/cadence/XCELIUM2303/tools/xcelium/files/xmsimrc
xcelium> run
time=   0.0 ns enable=x rst_=1 data=xx out=xx
time=  15.0 ns enable=x rst_=0 data=xx out=00
time=  25.0 ns enable=0 rst_=1 data=xx out=00
time=  35.0 ns enable=1 rst_=1 data=aa out=00
time=  40.0 ns enable=1 rst_=1 data=aa out=aa
time=  45.0 ns enable=0 rst_=1 data=55 out=aa
time=  55.0 ns enable=x rst_=0 data=xx out=00
time=  65.0 ns enable=0 rst_=1 data=xx out=00
time=  75.0 ns enable=1 rst_=1 data=55 out=00
time=  80.0 ns enable=1 rst_=1 data=55 out=55
time=  85.0 ns enable=0 rst_=1 data=aa out=55
REGISTER TEST PASSED
Simulation complete via $finish(1) at time 95 NS + 0
./register_test.sv:65       $finish;
xcelium> exit
TOOL:	xrun	23.03-s005: Exiting on Sep 23, 2024 at 21:15:19 -03  (total: 00:00:01)
