xrun: 23.03-s005: (c) Copyright 1995-2023 Cadence Design Systems, Inc.
TOOL:	xrun	23.03-s005: Started on Nov 01, 2024 at 19:15:46 -03
xrun
	counter.sv
Recompiling... reason: file './counter.sv' is newer than expected.
	expected: Fri Nov  1 19:14:57 2024
	actual:   Fri Nov  1 19:15:37 2024
file: counter.sv
	module worklib.counterclass:sv
		errors: 0, warnings: 0
		Caching library 'worklib' ....... Done
	Elaborating the design hierarchy:
	Top level design units:
		counterclass
	Building instance overlay tables: .................... Done
	Generating native compiled code:
		worklib.counterclass:sv <0x1d2f0153>
			streams:  38, words: 17259
	Building instance specific data structures.
	Loading native compiled code:     .................... Done
	Design hierarchy summary:
		                    Instances  Unique
		Modules:                    1       1
		Registers:                 41      49
		Initial blocks:             4       4
		SV Class declarations:      4       4
		SV Class specializations:   4       4
	Writing initial simulation snapshot: worklib.counterclass:sv
Loading snapshot worklib.counterclass:sv .................... Done
xcelium> source /opt/cadence/XCELIUM2303/tools/xcelium/files/xmsimrc
xcelium> run
the number of upcounter instances is 3
the number of downcounter instances is 0
00:00:00 to 00:01:00 test
0:0:0
0:0:1
0:0:2
0:0:3
0:0:4
0:0:5
0:0:6
0:0:7
0:0:8
0:0:9
0:0:10
0:0:11
0:0:12
0:0:13
0:0:14
0:0:15
0:0:16
0:0:17
0:0:18
0:0:19
0:0:20
0:0:21
0:0:22
0:0:23
0:0:24
0:0:25
0:0:26
0:0:27
0:0:28
0:0:29
0:0:30
0:0:31
0:0:32
0:0:33
0:0:34
0:0:35
0:0:36
0:0:37
0:0:38
0:0:39
0:0:40
0:0:41
0:0:42
0:0:43
0:0:44
0:0:45
0:0:46
0:0:47
0:0:48
0:0:49
0:0:50
0:0:51
0:0:52
0:0:53
0:0:54
0:0:55
0:0:56
0:0:57
0:0:58
0:0:59
0:1:0
00:59:00 to 01:00:00 test
0:59:0
0:59:1
0:59:2
0:59:3
0:59:4
0:59:5
0:59:6
0:59:7
0:59:8
0:59:9
0:59:10
0:59:11
0:59:12
0:59:13
0:59:14
0:59:15
0:59:16
0:59:17
0:59:18
0:59:19
0:59:20
0:59:21
0:59:22
0:59:23
0:59:24
0:59:25
0:59:26
0:59:27
0:59:28
0:59:29
0:59:30
0:59:31
0:59:32
0:59:33
0:59:34
0:59:35
0:59:36
0:59:37
0:59:38
0:59:39
0:59:40
0:59:41
0:59:42
0:59:43
0:59:44
0:59:45
0:59:46
0:59:47
0:59:48
0:59:49
0:59:50
0:59:51
0:59:52
0:59:53
0:59:54
0:59:55
0:59:56
0:59:57
0:59:58
0:59:59
1:0:0
23:59:00 to 00:00:00 test
23:59:0
23:59:1
23:59:2
23:59:3
23:59:4
23:59:5
23:59:6
23:59:7
23:59:8
23:59:9
23:59:10
23:59:11
23:59:12
23:59:13
23:59:14
23:59:15
23:59:16
23:59:17
23:59:18
23:59:19
23:59:20
23:59:21
23:59:22
23:59:23
23:59:24
23:59:25
23:59:26
23:59:27
23:59:28
23:59:29
23:59:30
23:59:31
23:59:32
23:59:33
23:59:34
23:59:35
23:59:36
23:59:37
23:59:38
23:59:39
23:59:40
23:59:41
23:59:42
23:59:43
23:59:44
23:59:45
23:59:46
23:59:47
23:59:48
23:59:49
23:59:50
23:59:51
23:59:52
23:59:53
23:59:54
23:59:55
23:59:56
23:59:57
23:59:58
23:59:59
0:0:0
xmsim: *W,RNQUIE: Simulation is complete.
xcelium> exit
TOOL:	xrun	23.03-s005: Exiting on Nov 01, 2024 at 19:15:47 -03  (total: 00:00:01)
