xrun: 23.03-s005: (c) Copyright 1995-2023 Cadence Design Systems, Inc.
TOOL:	xrun	23.03-s005: Started on Oct 28, 2024 at 16:27:58 -03
xrun
	flipflop.sv
	flipflop_test.sv
	-access rwc
	-gui
		Caching library 'worklib' ....... Done
	Elaborating the design hierarchy:
	Top level design units:
		testflop
	Building instance overlay tables: .................... Done
	Building instance specific data structures.
	Loading native compiled code:     .................... Done
	Design hierarchy summary:
		             Instances  Unique
		Modules:             2       2
		Registers:           6       6
		Scalar wires:        2       -
		Vectored wires:      3       -
		Always blocks:       2       2
		Initial blocks:      2       2
		Clocking blocks:     1       1
		Clocking items:      3       3
		Pseudo assignments:  4       -
	Writing initial simulation snapshot: worklib.testflop:sv
xmsim: *W,NOMTDGUI: Multi-Threaded Dumping is disabled for interactive debug mode.

-------------------------------------
Relinquished control to SimVision...
xcelium> 
xcelium> source /opt/cadence/XCELIUM2303/tools/xcelium/files/xmsimrc
xcelium> ^C
xcelium> exit
xmsim: *W,NORUNCMD: No 'run' command issued.
TOOL:	xrun	23.03-s005: Exiting on Oct 28, 2024 at 16:29:09 -03  (total: 00:01:11)
