xrun: 23.03-s005: (c) Copyright 1995-2023 Cadence Design Systems, Inc.
TOOL:	xrun	23.03-s005: Started on Nov 14, 2024 at 17:00:23 -03
xrun
	stdlibs.c
	dpi.sv
basename: extra operand ‘labs/SystemVerilog’
Try 'basename --help' for more information.
sh: line 1: .: filename argument required
.: usage: . filename [arguments]
sh: line 1: .: filename argument required
.: usage: . filename [arguments]
sh: line 1: .: filename argument required
.: usage: . filename [arguments]
$CDSROOT = /opt/cadence/XCELIUM2303
$TESTDIR = /home/bit/code/cadence courses labs/SystemVerilog for Design and Verification/lab20-simpledpi

TOOL:	xmsc	23.03-s005
xmsc cc parameters: 
	$CDSROOT/tools/cdsgcc/gcc/9.3/bin/gcc
	-I$CDSROOT/tools/include
	-I$CDSROOT/tools/inca/include 
	-DXMSC
	-DNCSC
	-D_GLIBCXX_USE_CXX11_ABI=1 -c
	-x c -m32  -Wall 

xcelium.d/run.lnx86.23.03.d/xmsc_run/Makefile.xmsc:135: *** missing separator.  Stop.
xmsc_run: *W,TBPARC: Unable to open file ./xcelium.d/run.lnx86.23.03.d/xmsc_run/xmsc_obj/xmsc_stdlibs_0.log
xmsc_run: *E,TBBLDF: Failed to generate object ./xcelium.d/run.lnx86.23.03.d/xmsc_run/xmsc_obj/stdlibs_0.o

xrun: *E,CCERR: Error during cc compilation (status 1), exiting.
TOOL:	xrun	23.03-s005: Exiting on Nov 14, 2024 at 17:00:24 -03  (total: 00:00:01)
